c:\users\dakota\source\repos\ddmodmenubybutter\ddmodmenubybutter\debug\vc143.pdb
c:\users\dakota\source\repos\ddmodmenubybutter\ddmodmenubybutter\debug\vc143.idb
c:\users\dakota\source\repos\ddmodmenubybutter\ddmodmenubybutter\debug\imgui_widgets.obj
c:\users\dakota\source\repos\ddmodmenubybutter\ddmodmenubybutter\debug\imgui_impl_win32.obj
c:\users\dakota\source\repos\ddmodmenubybutter\ddmodmenubybutter\debug\imgui_impl_dx9.obj
c:\users\dakota\source\repos\ddmodmenubybutter\ddmodmenubybutter\debug\imgui_draw.obj
c:\users\dakota\source\repos\ddmodmenubybutter\ddmodmenubybutter\debug\imgui_demo.obj
c:\users\dakota\source\repos\ddmodmenubybutter\ddmodmenubybutter\debug\imgui.obj
c:\users\dakota\source\repos\ddmodmenubybutter\ddmodmenubybutter\debug\hooking.obj
c:\users\dakota\source\repos\ddmodmenubybutter\ddmodmenubybutter\debug\helperfunctions.obj
c:\users\dakota\source\repos\ddmodmenubybutter\ddmodmenubybutter\debug\dllmain.obj
c:\users\dakota\source\repos\ddmodmenubybutter\debug\ddmodmenubybutter.dll
c:\users\dakota\source\repos\ddmodmenubybutter\ddmodmenubybutter\debug\ddmodmenubybutter.ilk
c:\users\dakota\source\repos\ddmodmenubybutter\debug\ddmodmenubybutter.pdb
c:\users\dakota\source\repos\ddmodmenubybutter\ddmodmenubybutter\debug\dllmain.obj.enc
c:\users\dakota\source\repos\ddmodmenubybutter\ddmodmenubybutter\debug\ddmodmen.667d5b3f.tlog\cl.command.1.tlog
c:\users\dakota\source\repos\ddmodmenubybutter\ddmodmenubybutter\debug\ddmodmen.667d5b3f.tlog\cl.read.1.tlog
c:\users\dakota\source\repos\ddmodmenubybutter\ddmodmenubybutter\debug\ddmodmen.667d5b3f.tlog\cl.write.1.tlog
c:\users\dakota\source\repos\ddmodmenubybutter\ddmodmenubybutter\debug\ddmodmen.667d5b3f.tlog\link.command.1.tlog
c:\users\dakota\source\repos\ddmodmenubybutter\ddmodmenubybutter\debug\ddmodmen.667d5b3f.tlog\link.read.1.tlog
c:\users\dakota\source\repos\ddmodmenubybutter\ddmodmenubybutter\debug\ddmodmen.667d5b3f.tlog\link.write.1.tlog
